\BOOKMARK [-1][-]{part.1}{I Las Redes en General}{}% 1
\BOOKMARK [0][-]{chapter.1}{Introducci\363n}{part.1}% 2
\BOOKMARK [1][-]{section.1.1}{Definici\363n}{chapter.1}% 3
\BOOKMARK [2][-]{subsection.1.1.1}{Redes Computacionales}{section.1.1}% 4
\BOOKMARK [1][-]{section.1.2}{Clas\355ficacion de Redes}{chapter.1}% 5
\BOOKMARK [2][-]{subsection.1.2.1}{Por su Alcance}{section.1.2}% 6
\BOOKMARK [2][-]{subsection.1.2.2}{Por su Relaci\363n Funcional}{section.1.2}% 7
\BOOKMARK [2][-]{subsection.1.2.3}{Por su Medio de Transmisi\363n}{section.1.2}% 8
\BOOKMARK [2][-]{subsection.1.2.4}{Por el Tipo de Transferencia}{section.1.2}% 9
\BOOKMARK [1][-]{section.1.3}{Topolog\355a de Redes}{chapter.1}% 10
\BOOKMARK [0][-]{chapter.2}{Ideas Practicas}{part.1}% 11
\BOOKMARK [1][-]{section.2.1}{Direcci\363n MAC}{chapter.2}% 12
\BOOKMARK [1][-]{section.2.2}{Proceso de Encapsulaci\363n de Datos}{chapter.2}% 13
\BOOKMARK [0][-]{chapter.3}{Manejo de Errores}{part.1}% 14
\BOOKMARK [1][-]{section.3.1}{Chequeo de Redundancia C\355clica: CRC}{chapter.3}% 15
\BOOKMARK [2][-]{subsection.3.1.1}{Definici\363n}{section.3.1}% 16
\BOOKMARK [2][-]{subsection.3.1.2}{Componentes}{section.3.1}% 17
\BOOKMARK [2][-]{subsection.3.1.3}{Ejemplos}{section.3.1}% 18
\BOOKMARK [1][-]{section.3.2}{Hamming}{chapter.3}% 19
\BOOKMARK [1][-]{section.3.3}{Suma de Comprobaci\363n: CheckSum}{chapter.3}% 20
\BOOKMARK [1][-]{section.3.4}{Bit de paridad}{chapter.3}% 21
\BOOKMARK [-1][-]{part.2}{II Capas}{}% 22
\BOOKMARK [0][-]{chapter.4}{Capa de Red}{part.2}% 23
\BOOKMARK [1][-]{section.4.1}{Definici\363n}{chapter.4}% 24
\BOOKMARK [1][-]{section.4.2}{Funciones de la capa de red}{chapter.4}% 25
\BOOKMARK [0][-]{chapter.5}{Capa de Transporte}{part.2}% 26
\BOOKMARK [1][-]{section.5.1}{Definici\363n}{chapter.5}% 27
\BOOKMARK [1][-]{section.5.2}{Funciones de la capa de red}{chapter.5}% 28
\BOOKMARK [-1][-]{part.3}{III Protocolos}{}% 29
\BOOKMARK [0][-]{chapter.6}{En General}{part.3}% 30
\BOOKMARK [1][-]{section.6.1}{Definiciones}{chapter.6}% 31
\BOOKMARK [2][-]{subsection.6.1.1}{Caracter\355sticas}{section.6.1}% 32
\BOOKMARK [0][-]{chapter.7}{Protocolo OSI}{part.3}% 33
\BOOKMARK [1][-]{section.7.1}{Definici\363n}{chapter.7}% 34
\BOOKMARK [1][-]{section.7.2}{Partes}{chapter.7}% 35
\BOOKMARK [1][-]{section.7.3}{Diagrama OSI \(Y su comparaci\363n vs IP\)}{chapter.7}% 36
\BOOKMARK [0][-]{chapter.8}{Protocolo Ethernet}{part.3}% 37
\BOOKMARK [1][-]{section.8.1}{Frame}{chapter.8}% 38
\BOOKMARK [2][-]{subsection.8.1.1}{Explicaci\363n}{section.8.1}% 39
\BOOKMARK [0][-]{chapter.9}{Protocolo IP}{part.3}% 40
\BOOKMARK [1][-]{section.9.1}{Definiciones}{chapter.9}% 41
\BOOKMARK [1][-]{section.9.2}{Direcci\363n IPv4}{chapter.9}% 42
\BOOKMARK [2][-]{subsection.9.2.1}{Problemas con IPv4}{section.9.2}% 43
\BOOKMARK [1][-]{section.9.3}{Direcci\363n IPv6}{chapter.9}% 44
\BOOKMARK [2][-]{subsection.9.3.1}{Haciendo un poco m\341s faciles las Direcciones IPv6}{section.9.3}% 45
\BOOKMARK [1][-]{section.9.4}{Direcciones Especiales}{chapter.9}% 46
\BOOKMARK [1][-]{section.9.5}{Clases IP}{chapter.9}% 47
\BOOKMARK [2][-]{subsection.9.5.1}{Clases A}{section.9.5}% 48
\BOOKMARK [2][-]{subsection.9.5.2}{Clases B}{section.9.5}% 49
\BOOKMARK [2][-]{subsection.9.5.3}{Clases C}{section.9.5}% 50
\BOOKMARK [2][-]{subsection.9.5.4}{Clases D}{section.9.5}% 51
\BOOKMARK [2][-]{subsection.9.5.5}{Clases E}{section.9.5}% 52
\BOOKMARK [1][-]{section.9.6}{Subredes}{chapter.9}% 53
\BOOKMARK [0][-]{chapter.10}{Protocolo TCP}{part.3}% 54
\BOOKMARK [1][-]{section.10.1}{Header - Encabezado}{chapter.10}% 55
\BOOKMARK [2][-]{subsection.10.1.1}{Explicaci\363n}{section.10.1}% 56
\BOOKMARK [0][-]{chapter.11}{Protocolo UDP}{part.3}% 57
\BOOKMARK [0][-]{chapter.12}{DHCP}{part.3}% 58
\BOOKMARK [1][-]{section.12.1}{Introducci\363n}{chapter.12}% 59
\BOOKMARK [0][-]{chapter.13}{DNS}{part.3}% 60
\BOOKMARK [1][-]{section.13.1}{Introducci\363n}{chapter.13}% 61
\BOOKMARK [0][-]{chapter.14}{Protocolo HDLC}{part.3}% 62
\BOOKMARK [0][-]{chapter.15}{Protocolo HDLC Nivel de Enlace de datos Capa:Acceso a la Red}{part.3}% 63
\BOOKMARK [1][-]{section.15.1}{High-level Data Link Control}{chapter.15}% 64
\BOOKMARK [1][-]{section.15.2}{Caracteristicas comunes.}{chapter.15}% 65
\BOOKMARK [1][-]{section.15.3}{Tipos de Estaciones}{chapter.15}% 66
\BOOKMARK [2][-]{subsection.15.3.1}{Primarias}{section.15.3}% 67
\BOOKMARK [2][-]{subsection.15.3.2}{Secundarias}{section.15.3}% 68
\BOOKMARK [2][-]{subsection.15.3.3}{Combinadas}{section.15.3}% 69
\BOOKMARK [1][-]{section.15.4}{Transferencia de datos\(Control\)}{chapter.15}% 70
\BOOKMARK [2][-]{subsection.15.4.1}{NRM}{section.15.4}% 71
\BOOKMARK [2][-]{subsection.15.4.2}{ABM}{section.15.4}% 72
\BOOKMARK [2][-]{subsection.15.4.3}{ARM}{section.15.4}% 73
\BOOKMARK [1][-]{section.15.5}{Estructura de la trama}{chapter.15}% 74
\BOOKMARK [2][-]{subsection.15.5.1}{Flag}{section.15.5}% 75
\BOOKMARK [2][-]{subsection.15.5.2}{Direcci\363n}{section.15.5}% 76
\BOOKMARK [2][-]{subsection.15.5.3}{Control}{section.15.5}% 77
\BOOKMARK [2][-]{subsection.15.5.4}{Secuencia para comprobar la trama}{section.15.5}% 78
\BOOKMARK [0][-]{chapter.16}{LLC}{part.3}% 79
\BOOKMARK [-1][-]{part.4}{IV Aparatos F\355sicos}{}% 80
\BOOKMARK [0][-]{chapter.17}{Hub}{part.4}% 81
\BOOKMARK [0][-]{chapter.18}{Switch}{part.4}% 82
\BOOKMARK [0][-]{chapter.19}{Routers}{part.4}% 83
\BOOKMARK [0][-]{chapter.20}{Access Points: Puntos de Acceso}{part.4}% 84
